<?xml version="1.0" encoding="UTF-8"?>
<!-- Generated by org.testng.reporters.JUnitXMLReporter -->
<testsuite ignored="1" hostname="Admin" failures="0" tests="2" name="Default test(failed)" time="54.214" errors="0" timestamp="2022-01-15T21:45:17 IST">
  <testcase classname="com.vtiger.contact.test.contact_testcase" name="testcase_3" time="29.507"/>
  <testcase classname="com.vtiger.contact.test.contact_testcase" name="testcase_4" time="24.631"/>
  <testcase classname="com.vtiger.contact.test.contact_testcase" name="testcase_1" time="0.0">
    <ignored/>
  </testcase> <!-- testcase_1 -->
</testsuite> <!-- Default test(failed) -->
