<?xml version="1.0" encoding="UTF-8"?>
<!-- Generated by org.testng.reporters.JUnitXMLReporter -->
<testsuite ignored="0" hostname="Admin" failures="1" tests="2" name="Test 1" time="75.076" errors="0" timestamp="2022-02-01T15:19:46 IST">
  <testcase classname="TakeScreenShort.ScreenShortTest" name="createContactTest" time="33.89"/>
  <testcase classname="TakeScreenShort.ScreenShortTest" name="createContactWithOrgTest" time="0.004">
    <failure type="java.lang.Error" message="Unresolved compilation problem: 
	Syntax error on token &amp;quot;.&amp;quot;, delete this token
">
      <![CDATA[java.lang.Error: Unresolved compilation problem: 
Syntax error on token ".", delete this token

at TakeScreenShort.ScreenShortTest.createContactWithOrgTest(ScreenShortTest.java:79)
at java.base/java.util.ArrayList.forEach(ArrayList.java:1511)
... Removed 27 stack frames]]>
    </failure>
  </testcase> <!-- createContactWithOrgTest -->
</testsuite> <!-- Test 1 -->
