<?xml version="1.0" encoding="UTF-8"?>
<!-- Generated by org.testng.reporters.JUnitXMLReporter -->
<testsuite ignored="2" hostname="Admin" failures="0" tests="4" name="TestRunner-1" time="105.856" errors="0" timestamp="2022-01-21T19:56:54 IST">
  <testcase classname="com.crm.comcast.organizationtest.OrganizationTest" name="createOrgWithIndustriesTest" time="16.221"/>
  <testcase classname="com.crm.comcast.organizationtest.OrganizationTest" name="createOrganizationTest" time="15.127"/>
  <testcase classname="com.crm.comcast.contacttest.ContactTest" name="createContactTest" time="13.54"/>
  <testcase classname="com.crm.comcast.contacttest.ContactTest" name="createContactWithOrgTest" time="29.185"/>
  <testcase classname="com.crm.comcast.genericutility.BaseAnnoationClass" name="@BeforeSuite configBS" time="0.0">
    <ignored/>
  </testcase> <!-- @BeforeSuite configBS -->
  <testcase classname="com.crm.comcast.genericutility.BaseAnnoationClass" name="@AfterSuite configAS" time="0.0">
    <ignored/>
  </testcase> <!-- @AfterSuite configAS -->
</testsuite> <!-- TestRunner-1 -->
