<?xml version="1.0" encoding="UTF-8"?>
<!-- Generated by org.testng.reporters.JUnitXMLReporter -->
<testsuite ignored="4" hostname="Admin" failures="0" tests="2" name="Test" time="89.442" errors="0" timestamp="2022-01-21T12:55:42 IST">
  <testcase classname="com.crm.comcast.organizationtest.OrganizationTest" name="createOrganizationTest" time="31.712"/>
  <testcase classname="com.crm.comcast.contacttest.ContactTest" name="createContactTest" time="17.456"/>
  <testcase classname="com.crm.comcast.genericutility.BaseAnnoationClass" name="@BeforeSuite configBS" time="0.0">
    <ignored/>
  </testcase> <!-- @BeforeSuite configBS -->
  <testcase classname="com.crm.comcast.genericutility.BaseAnnoationClass" name="@AfterSuite configAS" time="0.0">
    <ignored/>
  </testcase> <!-- @AfterSuite configAS -->
  <testcase classname="com.crm.comcast.organizationtest.OrganizationTest" name="createOrgWithIndustriesTest" time="0.0">
    <ignored/>
  </testcase> <!-- createOrgWithIndustriesTest -->
  <testcase classname="com.crm.comcast.contacttest.ContactTest" name="createContactWithOrgTest" time="0.0">
    <ignored/>
  </testcase> <!-- createContactWithOrgTest -->
</testsuite> <!-- Test -->
