<?xml version="1.0" encoding="UTF-8"?>
<testng-results ignored="0" total="2" passed="1" failed="1" skipped="0">
  <reporter-output>
  </reporter-output>
  <suite started-at="2022-02-01T15:18:31 IST" name="Suite" finished-at="2022-02-01T15:19:46 IST" duration-ms="75076">
    <groups>
    </groups>
    <test started-at="2022-02-01T15:18:31 IST" name="Test 1" finished-at="2022-02-01T15:19:46 IST" duration-ms="75076">
      <class name="TakeScreenShort.ScreenShortTest">
        <test-method is-config="true" signature="configBS()[pri:0, instance:TakeScreenShort.ScreenShortTest@2fb3536e]" started-at="2022-02-01T15:18:31 IST" name="configBS" finished-at="2022-02-01T15:18:31 IST" duration-ms="11" status="PASS">
          <reporter-output>
          </reporter-output>
        </test-method> <!-- configBS -->
        <test-method is-config="true" signature="configBC()[pri:0, instance:TakeScreenShort.ScreenShortTest@2fb3536e]" started-at="2022-02-01T15:18:32 IST" name="configBC" finished-at="2022-02-01T15:18:48 IST" duration-ms="16868" status="PASS">
          <reporter-output>
          </reporter-output>
        </test-method> <!-- configBC -->
        <test-method is-config="true" signature="configBM()[pri:0, instance:TakeScreenShort.ScreenShortTest@2fb3536e]" started-at="2022-02-01T15:18:48 IST" name="configBM" finished-at="2022-02-01T15:18:59 IST" duration-ms="10463" status="PASS">
          <reporter-output>
          </reporter-output>
        </test-method> <!-- configBM -->
        <test-method signature="createContactTest()[pri:0, instance:TakeScreenShort.ScreenShortTest@2fb3536e]" started-at="2022-02-01T15:18:59 IST" name="createContactTest" finished-at="2022-02-01T15:19:33 IST" duration-ms="33890" status="PASS">
          <reporter-output>
          </reporter-output>
        </test-method> <!-- createContactTest -->
        <test-method is-config="true" signature="configAM()[pri:0, instance:TakeScreenShort.ScreenShortTest@2fb3536e]" started-at="2022-02-01T15:19:33 IST" name="configAM" finished-at="2022-02-01T15:19:36 IST" duration-ms="2785" status="PASS">
          <reporter-output>
          </reporter-output>
        </test-method> <!-- configAM -->
        <test-method is-config="true" signature="configBM()[pri:0, instance:TakeScreenShort.ScreenShortTest@2fb3536e]" started-at="2022-02-01T15:19:36 IST" name="configBM" finished-at="2022-02-01T15:19:39 IST" duration-ms="3635" status="PASS">
          <reporter-output>
          </reporter-output>
        </test-method> <!-- configBM -->
        <test-method signature="createContactWithOrgTest()[pri:0, instance:TakeScreenShort.ScreenShortTest@2fb3536e]" started-at="2022-02-01T15:19:39 IST" name="createContactWithOrgTest" finished-at="2022-02-01T15:19:39 IST" duration-ms="4" status="FAIL">
          <exception class="java.lang.Error">
            <message>
              <![CDATA[Unresolved compilation problem: 
Syntax error on token ".", delete this token
]]>
            </message>
            <full-stacktrace>
              <![CDATA[java.lang.Error: Unresolved compilation problem: 
Syntax error on token ".", delete this token

at TakeScreenShort.ScreenShortTest.createContactWithOrgTest(ScreenShortTest.java:79)
at java.base/jdk.internal.reflect.NativeMethodAccessorImpl.invoke0(Native Method)
at java.base/jdk.internal.reflect.NativeMethodAccessorImpl.invoke(NativeMethodAccessorImpl.java:77)
at java.base/jdk.internal.reflect.DelegatingMethodAccessorImpl.invoke(DelegatingMethodAccessorImpl.java:43)
at java.base/java.lang.reflect.Method.invoke(Method.java:568)
at org.testng.internal.MethodInvocationHelper.invokeMethod(MethodInvocationHelper.java:133)
at org.testng.internal.TestInvoker.invokeMethod(TestInvoker.java:598)
at org.testng.internal.TestInvoker.invokeTestMethod(TestInvoker.java:173)
at org.testng.internal.MethodRunner.runInSequence(MethodRunner.java:46)
at org.testng.internal.TestInvoker$MethodInvocationAgent.invoke(TestInvoker.java:824)
at org.testng.internal.TestInvoker.invokeTestMethods(TestInvoker.java:146)
at org.testng.internal.TestMethodWorker.invokeTestMethods(TestMethodWorker.java:146)
at org.testng.internal.TestMethodWorker.run(TestMethodWorker.java:128)
at java.base/java.util.ArrayList.forEach(ArrayList.java:1511)
at org.testng.TestRunner.privateRun(TestRunner.java:794)
at org.testng.TestRunner.run(TestRunner.java:596)
at org.testng.SuiteRunner.runTest(SuiteRunner.java:377)
at org.testng.SuiteRunner.runSequentially(SuiteRunner.java:371)
at org.testng.SuiteRunner.privateRun(SuiteRunner.java:332)
at org.testng.SuiteRunner.run(SuiteRunner.java:276)
at org.testng.SuiteRunnerWorker.runSuite(SuiteRunnerWorker.java:53)
at org.testng.SuiteRunnerWorker.run(SuiteRunnerWorker.java:96)
at org.testng.TestNG.runSuitesSequentially(TestNG.java:1212)
at org.testng.TestNG.runSuitesLocally(TestNG.java:1134)
at org.testng.TestNG.runSuites(TestNG.java:1063)
at org.testng.TestNG.run(TestNG.java:1031)
at org.testng.remote.AbstractRemoteTestNG.run(AbstractRemoteTestNG.java:115)
at org.testng.remote.RemoteTestNG.initAndRun(RemoteTestNG.java:251)
at org.testng.remote.RemoteTestNG.main(RemoteTestNG.java:77)
]]>
            </full-stacktrace>
          </exception> <!-- java.lang.Error -->
          <reporter-output>
          </reporter-output>
        </test-method> <!-- createContactWithOrgTest -->
        <test-method is-config="true" signature="configAM()[pri:0, instance:TakeScreenShort.ScreenShortTest@2fb3536e]" started-at="2022-02-01T15:19:40 IST" name="configAM" finished-at="2022-02-01T15:19:46 IST" duration-ms="5532" status="PASS">
          <reporter-output>
          </reporter-output>
        </test-method> <!-- configAM -->
        <test-method is-config="true" signature="configAC()[pri:0, instance:TakeScreenShort.ScreenShortTest@2fb3536e]" started-at="2022-02-01T15:19:46 IST" name="configAC" finished-at="2022-02-01T15:19:46 IST" duration-ms="396" status="PASS">
          <reporter-output>
          </reporter-output>
        </test-method> <!-- configAC -->
        <test-method is-config="true" signature="configAS()[pri:0, instance:TakeScreenShort.ScreenShortTest@2fb3536e]" started-at="2022-02-01T15:19:47 IST" name="configAS" finished-at="2022-02-01T15:19:47 IST" duration-ms="2" status="PASS">
          <reporter-output>
          </reporter-output>
        </test-method> <!-- configAS -->
      </class> <!-- TakeScreenShort.ScreenShortTest -->
    </test> <!-- Test 1 -->
  </suite> <!-- Suite -->
</testng-results>
