<?xml version="1.0" encoding="UTF-8"?>
<!-- Generated by org.testng.reporters.JUnitXMLReporter -->
<testsuite ignored="0" hostname="Admin" failures="0" tests="2" name="TestRunner-1" time="67.557" errors="0" timestamp="2022-01-21T16:29:31 IST">
  <testcase classname="com.crm.comcast.organizationtest.OrganizationTest" name="createOrgWithIndustriesTest" time="24.2"/>
  <testcase classname="com.crm.comcast.organizationtest.OrganizationTest" name="createOrganizationTest" time="20.363"/>
</testsuite> <!-- TestRunner-1 -->
